<?xml version="1.0" encoding="UTF-8"?>
<!-- Generated by org.testng.reporters.JUnitXMLReporter -->
<testsuite ignored="0" hostname="DESKTOP-4VPNHRE" failures="0" tests="3" name="Default test" time="0.076" errors="0" timestamp="22 Jun 2018 10:05:20 GMT">
  <testcase classname="maven.sample.groupTest" name="f" time="0.02"/>
  <testcase classname="maven.sample.groupTest" name="g" time="0.002"/>
  <testcase classname="maven.sample.groupTest" name="h" time="0.002"/>
</testsuite> <!-- Default test -->
